0 info it worked if it ends with ok
1 verbose cli [ '/Users/hmiyado/.nodebrew/node/v6.1.0/bin/node',
1 verbose cli   '/Users/hmiyado/.nodebrew/current/bin/npm',
1 verbose cli   'start' ]
2 info using npm@3.8.6
3 info using node@v6.1.0
4 verbose run-script [ 'prestart', 'start', 'poststart' ]
5 info lifecycle SophyaOnline@0.0.0~prestart: SophyaOnline@0.0.0
6 silly lifecycle SophyaOnline@0.0.0~prestart: no script for prestart, continuing
7 info lifecycle SophyaOnline@0.0.0~start: SophyaOnline@0.0.0
8 verbose lifecycle SophyaOnline@0.0.0~start: unsafe-perm in lifecycle true
9 verbose lifecycle SophyaOnline@0.0.0~start: PATH: /Users/hmiyado/.nodebrew/node/v6.1.0/lib/node_modules/npm/bin/node-gyp-bin:/Users/hmiyado/Desktop/Home/projects/sophyaonline/node_modules/.bin:/Users/hmiyado/.nodebrew/node/v6.1.0/bin:/Users/hmiyado/.nodebrew/current/bin:/usr/local/Cellar/selenium-server-standalone/2.53.0/bin:/usr/local/bin:/usr/bin:/bin:/usr/sbin:/sbin
10 verbose lifecycle SophyaOnline@0.0.0~start: CWD: /Users/hmiyado/Desktop/Home/projects/sophyaonline
11 silly lifecycle SophyaOnline@0.0.0~start: Args: [ '-c', 'node ./bin/server/server.js' ]
12 silly lifecycle SophyaOnline@0.0.0~start: Returned: code: 1  signal: null
13 info lifecycle SophyaOnline@0.0.0~start: Failed to exec start script
14 verbose stack Error: SophyaOnline@0.0.0 start: `node ./bin/server/server.js`
14 verbose stack Exit status 1
14 verbose stack     at EventEmitter.<anonymous> (/Users/hmiyado/.nodebrew/node/v6.1.0/lib/node_modules/npm/lib/utils/lifecycle.js:239:16)
14 verbose stack     at emitTwo (events.js:106:13)
14 verbose stack     at EventEmitter.emit (events.js:191:7)
14 verbose stack     at ChildProcess.<anonymous> (/Users/hmiyado/.nodebrew/node/v6.1.0/lib/node_modules/npm/lib/utils/spawn.js:24:14)
14 verbose stack     at emitTwo (events.js:106:13)
14 verbose stack     at ChildProcess.emit (events.js:191:7)
14 verbose stack     at maybeClose (internal/child_process.js:850:16)
14 verbose stack     at Process.ChildProcess._handle.onexit (internal/child_process.js:215:5)
15 verbose pkgid SophyaOnline@0.0.0
16 verbose cwd /Users/hmiyado/Desktop/Home/projects/sophyaonline
17 error Darwin 15.5.0
18 error argv "/Users/hmiyado/.nodebrew/node/v6.1.0/bin/node" "/Users/hmiyado/.nodebrew/current/bin/npm" "start"
19 error node v6.1.0
20 error npm  v3.8.6
21 error code ELIFECYCLE
22 error SophyaOnline@0.0.0 start: `node ./bin/server/server.js`
22 error Exit status 1
23 error Failed at the SophyaOnline@0.0.0 start script 'node ./bin/server/server.js'.
23 error Make sure you have the latest version of node.js and npm installed.
23 error If you do, this is most likely a problem with the SophyaOnline package,
23 error not with npm itself.
23 error Tell the author that this fails on your system:
23 error     node ./bin/server/server.js
23 error You can get information on how to open an issue for this project with:
23 error     npm bugs SophyaOnline
23 error Or if that isn't available, you can get their info via:
23 error     npm owner ls SophyaOnline
23 error There is likely additional logging output above.
24 verbose exit [ 1, true ]
